2026-04-15 17:03:36 | Usuario: 4 | Resultado: LOGIN CORRECTO
2026-04-15 17:06:16 | Usuario: 4 | Resultado: LOGIN CORRECTO
2026-04-15 17:10:21 | Usuario: 4 | Resultado: LOGIN CORRECTO
2026-04-15 17:11:05 | Usuario: 4 | Resultado: LOGIN CORRECTO
2026-04-15 17:13:18 | Usuario: 4 | Resultado: LOGIN CORRECTO
2026-04-15 17:15:30 | Usuario: 4 | Resultado: LOGIN CORRECTO
2026-04-15 17:16:04 | Usuario: 4 | Resultado: LOGIN CORRECTO
2026-04-15 17:16:44 | Usuario: 4 | Resultado: LOGIN CORRECTO
2026-04-15 17:17:16 | Usuario: 4 | Resultado: LOGIN CORRECTO
2026-04-15 17:17:33 | Usuario: 4 | Resultado: LOGIN CORRECTO
2026-04-15 17:18:24 | Usuario: 4 | Resultado: LOGIN CORRECTO
2026-04-15 17:27:17 | Usuario: 4 | Resultado: LOGIN CORRECTO
2026-04-15 17:29:04 | Usuario: 4 | Resultado: LOGIN CORRECTO
2026-04-15 17:30:17 | Usuario: 4 | Resultado: LOGIN CORRECTO
2026-04-15 17:43:47 | Usuario: 4 | Resultado: LOGIN CORRECTO
2026-04-15 17:45:10 | Usuario: 4 | Resultado: LOGIN CORRECTO
2026-04-16 16:28:10 | Usuario: 4 | Resultado: LOGIN CORRECTO
2026-04-16 17:55:56 | Usuario: 4 | Resultado: LOGIN CORRECTO
2026-04-16 17:57:04 | Usuario: 4 | Resultado: LOGIN CORRECTO
2026-04-16 17:59:37 | Usuario: 4 | Resultado: LOGIN CORRECTO
2026-04-16 18:01:15 | Usuario: 4 | Resultado: LOGIN CORRECTO
2026-04-16 18:03:24 | Usuario: 4 | Resultado: LOGIN CORRECTO
2026-04-16 18:05:39 | Usuario: 4 | Resultado: LOGIN CORRECTO
2026-04-16 18:06:12 | Usuario: 4 | Resultado: LOGIN CORRECTO
2026-04-16 18:09:18 | Usuario: 4 | Resultado: LOGIN CORRECTO
2026-04-16 18:10:28 | Usuario: 4 | Resultado: LOGIN CORRECTO
2026-04-16 18:11:22 | Usuario: 4 | Resultado: LOGIN CORRECTO
2026-04-16 18:12:00 | Usuario: 4 | Resultado: LOGIN CORRECTO
2026-04-16 19:47:59 | Usuario: 4 | Resultado: LOGIN CORRECTO
2026-04-16 19:51:56 | Usuario: 4 | Resultado: LOGIN CORRECTO
2026-04-17 16:11:22 | Usuario: 4 | Resultado: LOGIN CORRECTO
2026-04-17 16:13:30 | Usuario: 4 | Resultado: LOGIN CORRECTO
2026-04-17 16:20:42 | Usuario: 4 | Resultado: LOGIN CORRECTO
2026-04-17 16:34:19 | Usuario: 1 | Resultado: LOGIN INCORRECTO
2026-04-17 16:34:23 | Usuario: 4 | Resultado: LOGIN CORRECTO
2026-04-17 16:35:49 | Usuario: 1 | Resultado: LOGIN INCORRECTO
2026-04-17 16:35:52 | Usuario: 4 | Resultado: LOGIN CORRECTO
2026-04-17 16:38:49 | Usuario: 4 | Resultado: LOGIN CORRECTO
2026-04-17 16:39:52 | Usuario: 4 | Resultado: LOGIN CORRECTO
2026-04-17 16:43:19 | Usuario: 4 | Resultado: LOGIN CORRECTO
2026-04-17 16:44:32 | Usuario: 4 | Resultado: LOGIN CORRECTO
2026-04-17 16:46:19 | Usuario: 4 | Resultado: LOGIN CORRECTO
2026-04-17 16:49:45 | Usuario: 4 | Resultado: LOGIN CORRECTO
2026-04-17 16:50:39 | Usuario: 4 | Resultado: LOGIN CORRECTO
2026-04-17 16:53:48 | Usuario: 4 | Resultado: LOGIN CORRECTO
2026-04-17 17:10:41 | Usuario: 4 | Resultado: LOGIN CORRECTO
2026-04-17 17:37:27 | Usuario: 4 | Resultado: LOGIN CORRECTO
2026-04-17 17:48:27 | Usuario: 4 | Resultado: LOGIN CORRECTO
2026-04-17 17:51:33 | Usuario: 4 | Resultado: LOGIN CORRECTO
2026-04-17 17:56:29 | Usuario: 4 | Resultado: LOGIN CORRECTO
2026-04-17 17:59:03 | Usuario: 4 | Resultado: LOGIN CORRECTO
2026-04-17 18:04:28 | Usuario: 4 | Resultado: LOGIN CORRECTO
2026-04-17 18:05:13 | Usuario: 4 | Resultado: LOGIN CORRECTO
2026-04-17 18:11:03 | Usuario: 4 | Resultado: LOGIN CORRECTO
2026-04-17 18:48:34 | Usuario: 1 | Resultado: LOGIN INCORRECTO
2026-04-17 18:48:38 | Usuario: 4 | Resultado: LOGIN CORRECTO
2026-04-17 18:49:22 | Usuario: 4 | Resultado: LOGIN CORRECTO
2026-04-17 18:50:55 | Usuario: 4 | Resultado: LOGIN CORRECTO
2026-04-17 19:07:32 | Usuario: 4 | Resultado: LOGIN CORRECTO
2026-04-17 19:11:08 | Usuario: 4 | Resultado: LOGIN CORRECTO
2026-04-17 19:11:52 | Usuario: 4 | Resultado: LOGIN CORRECTO
2026-04-17 19:26:53 | Usuario: 9 | Resultado: LOGIN CORRECTO
2026-04-17 19:28:19 | Usuario: 4 | Resultado: LOGIN CORRECTO
2026-04-17 19:30:06 | Usuario: 4 | Resultado: LOGIN CORRECTO
2026-04-20 15:55:19 | Usuario: 1 | Resultado: LOGIN INCORRECTO
2026-04-20 15:55:26 | Usuario: 9 | Resultado: LOGIN CORRECTO
2026-04-20 16:44:35 | Usuario: 8 | Resultado: LOGIN CORRECTO
2026-04-20 17:27:53 | Usuario: 8 | Resultado: LOGIN CORRECTO
2026-04-20 18:19:48 | Usuario:  | Resultado: LOGIN INCORRECTO
2026-04-20 18:19:58 | Usuario: 8 | Resultado: LOGIN CORRECTO
2026-04-20 19:17:04 | Usuario: 8 | Resultado: LOGIN CORRECTO
2026-04-20 19:21:00 | Usuario: 8 | Resultado: LOGIN CORRECTO
2026-04-20 19:24:10 | Usuario: 8 | Resultado: LOGIN CORRECTO
2026-04-20 19:24:58 | Usuario: 8 | Resultado: LOGIN CORRECTO
2026-04-20 19:25:27 | Usuario: 8 | Resultado: LOGIN CORRECTO
2026-04-20 19:26:28 | Usuario: 1 | Resultado: LOGIN INCORRECTO
2026-04-20 19:26:37 | Usuario: 1 | Resultado: LOGIN CORRECTO
2026-04-20 19:29:28 | Usuario: 1 | Resultado: LOGIN CORRECTO
2026-04-20 19:34:23 | Usuario: 1 | Resultado: LOGIN CORRECTO
2026-04-20 19:34:40 | Usuario: 1 | Resultado: LOGIN CORRECTO
2026-04-20 19:34:59 | Usuario: 1 | Resultado: LOGIN CORRECTO
2026-04-20 19:48:11 | Usuario: 1 | Resultado: LOGIN CORRECTO
2026-04-20 19:53:46 | Usuario: 1 | Resultado: LOGIN CORRECTO
2026-04-20 19:54:01 | Usuario: 1 | Resultado: LOGIN CORRECTO
2026-04-20 19:56:15 | Usuario: 1 | Resultado: LOGIN CORRECTO
2026-04-20 20:01:44 | Usuario: 1 | Resultado: LOGIN CORRECTO
2026-04-20 20:09:31 | Usuario: 1 | Resultado: LOGIN CORRECTO
2026-04-20 20:13:05 | Usuario: 1 | Resultado: LOGIN CORRECTO
2026-04-20 20:22:37 | Usuario: 1 | Resultado: LOGIN CORRECTO
2026-04-20 20:24:49 | Usuario: 1 | Resultado: LOGIN CORRECTO
2026-04-20 20:25:18 | Usuario: 1 | Resultado: LOGIN CORRECTO
2026-04-20 20:28:32 | Usuario: 1 | Resultado: LOGIN CORRECTO
2026-04-20 20:44:53 | Usuario: 1 | Resultado: LOGIN CORRECTO
2026-04-20 20:56:30 | Usuario: 1 | Resultado: LOGIN CORRECTO
2026-04-20 20:56:44 | Usuario: 1 | Resultado: LOGIN CORRECTO
2026-04-21 22:50:34 | Usuario: 1 | Resultado: LOGIN CORRECTO
2026-04-21 22:51:16 | Usuario: 1 | Resultado: LOGIN INCORRECTO
2026-04-21 22:51:23 | Usuario: 1 | Resultado: LOGIN CORRECTO
2026-04-22 12:49:48 | Usuario: 1 | Resultado: LOGIN CORRECTO
2026-04-22 14:10:42 | Usuario: 1 | Resultado: LOGIN CORRECTO
2026-04-22 14:13:37 | Usuario: 1 | Resultado: LOGIN CORRECTO
2026-04-22 14:16:21 | Usuario: 1 | Resultado: LOGIN CORRECTO
2026-04-28 11:22:19 | Usuario: 1 | Resultado: LOGIN INCORRECTO
2026-04-28 11:22:33 | Usuario: 4 | Resultado: LOGIN CORRECTO
2026-04-28 11:50:01 | Usuario: 1 | Resultado: LOGIN INCORRECTO
2026-04-28 11:50:11 | Usuario: 1 | Resultado: LOGIN CORRECTO
2026-04-28 11:53:13 | Usuario: 1 | Resultado: LOGIN CORRECTO
2026-04-28 11:54:30 | Usuario: 1 | Resultado: LOGIN CORRECTO
2026-04-28 11:56:40 | Usuario: 1 | Resultado: LOGIN CORRECTO
2026-04-28 11:57:39 | Usuario: 1 | Resultado: LOGIN CORRECTO
2026-04-28 12:14:09 | Usuario: 1 | Resultado: LOGIN CORRECTO
2026-04-28 12:22:59 | Usuario: 1 | Resultado: LOGIN CORRECTO
2026-04-28 12:31:21 | Usuario: 1 | Resultado: LOGIN CORRECTO
2026-04-28 12:32:03 | Usuario: 1 | Resultado: LOGIN CORRECTO
2026-04-28 13:31:05 | Usuario: 1 | Resultado: LOGIN CORRECTO
2026-04-28 13:58:33 | Usuario: 1 | Resultado: LOGIN CORRECTO
2026-04-28 14:04:39 | Usuario: 1 | Resultado: LOGIN CORRECTO
2026-04-28 14:17:40 | Usuario: 1 | Resultado: LOGIN CORRECTO
2026-04-28 14:24:36 | Usuario: 1 | Resultado: LOGIN CORRECTO
2026-04-29 15:51:13 | Usuario: 1 | Resultado: LOGIN CORRECTO
2026-04-29 15:58:02 | Usuario: 1 | Resultado: LOGIN CORRECTO
2026-04-29 16:12:49 | Usuario: 1 | Resultado: LOGIN CORRECTO
2026-04-29 16:15:02 | Usuario: 1 | Resultado: LOGIN CORRECTO
2026-04-29 16:16:04 | Usuario: 1 | Resultado: LOGIN CORRECTO
2026-04-29 16:17:48 | Usuario: 18459985R | Resultado: LOGIN CORRECTO
2026-04-29 16:18:08 | Usuario: 18459985R | Resultado: LOGIN INCORRECTO
2026-04-29 16:18:14 | Usuario: 1 | Resultado: LOGIN CORRECTO
2026-04-29 16:18:41 | Usuario: 1 | Resultado: LOGIN CORRECTO
2026-04-29 16:21:31 | Usuario: 1 | Resultado: LOGIN CORRECTO
2026-04-29 16:22:12 | Usuario: 1 | Resultado: LOGIN CORRECTO
2026-04-29 16:22:32 | Usuario: 1 | Resultado: LOGIN CORRECTO
2026-04-29 16:31:56 | Usuario: 1 | Resultado: LOGIN CORRECTO
2026-04-29 16:33:18 | Usuario: 1 | Resultado: LOGIN CORRECTO
2026-04-29 16:33:44 | Usuario: 1 | Resultado: LOGIN CORRECTO
2026-04-29 16:34:09 | Usuario: 1 | Resultado: LOGIN CORRECTO
2026-04-29 16:57:09 | Usuario: 1 | Resultado: LOGIN CORRECTO
2026-04-29 16:58:09 | Usuario: 1 | Resultado: LOGIN CORRECTO
